<?xml version="1.0" encoding="UTF-8" ?>
<testsuite errors="0" failures="1" hostname="EdwinAvalos-PC" name="com.groupc.junit.DatabaseTest" skipped="0" tests="1" time="2.494" timestamp="2015-04-20T06:10:14">
  <properties>
    <property name="java.vendor" value="Oracle Corporation" />
    <property name="sun.java.launcher" value="SUN_STANDARD" />
    <property name="sun.management.compiler" value="HotSpot Client Compiler" />
    <property name="lib" value="lib" />
    <property name="build.sysclasspath" value="last" />
    <property name="os.name" value="Windows 7" />
    <property name="sun.boot.class.path" value="C:\Program Files (x86)\Java\jdk1.8.0_31\jre\lib\resources.jar;C:\Program Files (x86)\Java\jdk1.8.0_31\jre\lib\rt.jar;C:\Program Files (x86)\Java\jdk1.8.0_31\jre\lib\sunrsasign.jar;C:\Program Files (x86)\Java\jdk1.8.0_31\jre\lib\jsse.jar;C:\Program Files (x86)\Java\jdk1.8.0_31\jre\lib\jce.jar;C:\Program Files (x86)\Java\jdk1.8.0_31\jre\lib\charsets.jar;C:\Program Files (x86)\Java\jdk1.8.0_31\jre\lib\jfr.jar;C:\Program Files (x86)\Java\jdk1.8.0_31\jre\classes" />
    <property name="sun.desktop" value="windows" />
    <property name="java.vm.specification.vendor" value="Oracle Corporation" />
    <property name="ant.home" value="C:\Users\Edwin Avalos\Desktop\eclipse\plugins\org.apache.ant_1.9.2.v201404171502" />
    <property name="java.runtime.version" value="1.8.0_31-b13" />
    <property name="user.name" value="Edwin Avalos" />
    <property name="lwjgl_natives.dir" value="natives/windows" />
    <property name="ant.file.asthma-game" value="C:\Users\Edwin Avalos\Desktop\spring 2015\CST316\asthma-game\asthma\build.xml" />
    <property name="user.language" value="en" />
    <property name="build" value="bin" />
    <property name="sun.boot.library.path" value="C:\Program Files (x86)\Java\jdk1.8.0_31\jre\bin" />
    <property name="ant.project.name" value="asthma-game" />
    <property name="java.version" value="1.8.0_31" />
    <property name="user.timezone" value="America/Phoenix" />
    <property name="edu.umd.cs.findbugs.FindBugs2.executeReturnCode.58188ab0-a82a-4ae0-b26d-d06386df5c14" value="1" />
    <property name="sun.arch.data.model" value="32" />
    <property name="java.endorsed.dirs" value="C:\Program Files (x86)\Java\jdk1.8.0_31\jre\lib\endorsed" />
    <property name="sun.cpu.isalist" value="pentium_pro+mmx pentium_pro pentium+mmx pentium i486 i386 i86" />
    <property name="ant.file.type.asthma-game" value="file" />
    <property name="sun.jnu.encoding" value="Cp1252" />
    <property name="file.encoding.pkg" value="sun.io" />
    <property name="file.separator" value="\" />
    <property name="java.specification.name" value="Java Platform API Specification" />
    <property name="java.class.version" value="52.0" />
    <property name="src" value="src" />
    <property name="user.country" value="US" />
    <property name="java.home" value="C:\Program Files (x86)\Java\jdk1.8.0_31\jre" />
    <property name="java.vm.info" value="mixed mode, sharing" />
    <property name="ant.file" value="C:\Users\Edwin Avalos\Desktop\spring 2015\CST316\asthma-game\asthma\build.xml" />
    <property name="os.version" value="6.1" />
    <property name="path.separator" value=";" />
    <property name="java.vm.version" value="25.31-b07" />
    <property name="findbug" value="C:\Users\Edwin Avalos\Desktop\spring 2015\CST316\asthma-game\asthma\lib\findbugs" />
    <property name="user.variant" value="" />
    <property name="ant.library.dir" value="C:\Users\Edwin Avalos\Desktop\eclipse\plugins\org.apache.ant_1.9.2.v201404171502\lib" />
    <property name="java.awt.printerjob" value="sun.awt.windows.WPrinterJob" />
    <property name="sun.io.unicode.encoding" value="UnicodeLittle" />
    <property name="awt.toolkit" value="sun.awt.windows.WToolkit" />
    <property name="_jacoco.agentFile" value="C:\Users\EDWINA~1\AppData\Local\Temp\jacocoagent7639932343988159214.jar" />
    <property name="user.script" value="" />
    <property name="jac-r" value="jacoco-report" />
    <property name="user.home" value="C:\Users\Edwin Avalos" />
    <property name="java.specification.vendor" value="Oracle Corporation" />
    <property name="java.library.path" value="natives/windows" />
    <property name="java.vendor.url" value="http://java.oracle.com/" />
    <property name="java.vm.vendor" value="Oracle Corporation" />
    <property name="java.runtime.name" value="Java(TM) SE Runtime Environment" />
    <property name="sun.java.command" value="org.apache.tools.ant.taskdefs.optional.junit.JUnitTestRunner testsfile=C:\Users\Edwin Avalos\Desktop\spring 2015\CST316\asthma-game\asthma\junittestcases3950810380679431181.properties filtertrace=true haltOnError=false haltOnFailure=false formatter=org.apache.tools.ant.taskdefs.optional.junit.OutErrSummaryJUnitResultFormatter showoutput=true outputtoformatters=true logfailedtests=true logtestlistenerevents=false formatter=org.apache.tools.ant.taskdefs.optional.junit.XMLJUnitResultFormatter,C:\Users\Edwin Avalos\Desktop\spring 2015\CST316\asthma-game\asthma\junit-report\IGNORETHIS.xml crashfile=C:\Users\Edwin Avalos\Desktop\spring 2015\CST316\asthma-game\asthma\junitvmwatcher8909002162087655957.properties propsfile=C:\Users\Edwin Avalos\Desktop\spring 2015\CST316\asthma-game\asthma\junit7209353003876520178.properties" />
    <property name="java.class.path" value="C:\Users\Edwin Avalos\Desktop\spring 2015\CST316\asthma-game\asthma\lib\lwjgl.jar;C:\Users\Edwin Avalos\Desktop\spring 2015\CST316\asthma-game\asthma\lib\lwjgl_util.jar;C:\Users\Edwin Avalos\Desktop\spring 2015\CST316\asthma-game\asthma\lib\jogg-0.0.7.jar;C:\Users\Edwin Avalos\Desktop\spring 2015\CST316\asthma-game\asthma\lib\jorbis-0.0.15.jar;C:\Users\Edwin Avalos\Desktop\spring 2015\CST316\asthma-game\asthma\lib\slick-util.jar;C:\Users\Edwin Avalos\Desktop\spring 2015\CST316\asthma-game\asthma\lib\jacocoant.jar;C:\Users\Edwin Avalos\Desktop\spring 2015\CST316\asthma-game\asthma\lib\junit.jar;C:\Users\Edwin Avalos\Desktop\spring 2015\CST316\asthma-game\asthma\lib\org.hamcrest.core_1.3.0.v201303031735.jar;C:\Users\Edwin Avalos\Desktop\spring 2015\CST316\asthma-game\asthma\lib\mysql-connector-java-5.1.34-bin.jar;C:\Users\Edwin Avalos\Desktop\spring 2015\CST316\asthma-game\asthma\bin;C:\Users\Edwin Avalos\Desktop\spring 2015\CST316\asthma-game\asthma;C:\PROGRA~2\JMF21~1.1E\lib\sound.jar;C:\PROGRA~2\JMF21~1.1E\lib\jmf.jar;C:\PROGRA~2\JMF21~1.1E\lib;C:\Users\Edwin Avalos\Desktop\eclipse\plugins\org.apache.ant_1.9.2.v201404171502\lib\ant-launcher.jar;C:\Users\Edwin Avalos\Desktop\eclipse\plugins\org.apache.ant_1.9.2.v201404171502\lib\ant.jar;C:\Users\Edwin Avalos\Desktop\eclipse\plugins\org.apache.ant_1.9.2.v201404171502\lib\ant-junit.jar;C:\Users\Edwin Avalos\Desktop\eclipse\plugins\org.apache.ant_1.9.2.v201404171502\lib\ant-junit4.jar;C:\Users\Edwin Avalos\Desktop\eclipse\plugins\org.apache.ant_1.9.2.v201404171502\lib\ant-antlr.jar;C:\Users\Edwin Avalos\Desktop\eclipse\plugins\org.apache.ant_1.9.2.v201404171502\lib\ant-apache-bcel.jar;C:\Users\Edwin Avalos\Desktop\eclipse\plugins\org.apache.ant_1.9.2.v201404171502\lib\ant-apache-bsf.jar;C:\Users\Edwin Avalos\Desktop\eclipse\plugins\org.apache.ant_1.9.2.v201404171502\lib\ant-apache-log4j.jar;C:\Users\Edwin Avalos\Desktop\eclipse\plugins\org.apache.ant_1.9.2.v201404171502\lib\ant-apache-oro.jar;C:\Users\Edwin Avalos\Desktop\eclipse\plugins\org.apache.ant_1.9.2.v201404171502\lib\ant-apache-regexp.jar;C:\Users\Edwin Avalos\Desktop\eclipse\plugins\org.apache.ant_1.9.2.v201404171502\lib\ant-apache-resolver.jar;C:\Users\Edwin Avalos\Desktop\eclipse\plugins\org.apache.ant_1.9.2.v201404171502\lib\ant-apache-xalan2.jar;C:\Users\Edwin Avalos\Desktop\eclipse\plugins\org.apache.ant_1.9.2.v201404171502\lib\ant-commons-logging.jar;C:\Users\Edwin Avalos\Desktop\eclipse\plugins\org.apache.ant_1.9.2.v201404171502\lib\ant-commons-net.jar;C:\Users\Edwin Avalos\Desktop\eclipse\plugins\org.apache.ant_1.9.2.v201404171502\lib\ant-jai.jar;C:\Users\Edwin Avalos\Desktop\eclipse\plugins\org.apache.ant_1.9.2.v201404171502\lib\ant-javamail.jar;C:\Users\Edwin Avalos\Desktop\eclipse\plugins\org.apache.ant_1.9.2.v201404171502\lib\ant-jdepend.jar;C:\Users\Edwin Avalos\Desktop\eclipse\plugins\org.apache.ant_1.9.2.v201404171502\lib\ant-jmf.jar;C:\Users\Edwin Avalos\Desktop\eclipse\plugins\org.apache.ant_1.9.2.v201404171502\lib\ant-jsch.jar;C:\Users\Edwin Avalos\Desktop\eclipse\plugins\org.apache.ant_1.9.2.v201404171502\lib\ant-netrexx.jar;C:\Users\Edwin Avalos\Desktop\eclipse\plugins\org.apache.ant_1.9.2.v201404171502\lib\ant-swing.jar;C:\Users\Edwin Avalos\Desktop\eclipse\plugins\org.apache.ant_1.9.2.v201404171502\lib\ant-testutil.jar;C:\Users\Edwin Avalos\Desktop\eclipse\configuration\org.eclipse.osgi\57\0\.cp\lib\antdebug.jar;C:\Users\Edwin Avalos\Desktop\eclipse\configuration\org.eclipse.osgi\57\0\.cp\lib\remote.jar;C:\Users\Edwin Avalos\Desktop\eclipse\configuration\org.eclipse.osgi\58\0\.cp\lib\remoteAnt.jar;C:\Program Files (x86)\Java\jdk1.8.0_31\lib\tools.jar;C:\Users\Edwin Avalos\Desktop\eclipse\plugins\org.eclipse.swt.win32.win32.x86_3.103.2.v20150203-1351.jar;C:\Users\EDWINA~1\AppData\Local\Temp\jacocoagent7639932343988159214.jar" />
    <property name="ant.version" value="Apache Ant(TM) version 1.9.2 compiled on July 8 2013" />
    <property name="java.vm.specification.name" value="Java Virtual Machine Specification" />
    <property name="java.vm.specification.version" value="1.8" />
    <property name="sun.cpu.endian" value="little" />
    <property name="jun-r" value="junit-report" />
    <property name="sun.os.patch.level" value="Service Pack 1" />
    <property name="java.io.tmpdir" value="C:\Users\EDWINA~1\AppData\Local\Temp\" />
    <property name="pmd.home" value="C:\Users\Edwin Avalos\Desktop\spring 2015\CST316\asthma-game\asthma\lib\pmd" />
    <property name="java.vendor.url.bug" value="http://bugreport.sun.com/bugreport/" />
    <property name="os.arch" value="x86" />
    <property name="java.awt.graphicsenv" value="sun.awt.Win32GraphicsEnvironment" />
    <property name="java.ext.dirs" value="C:\Program Files (x86)\Java\jdk1.8.0_31\jre\lib\ext;C:\Windows\Sun\Java\lib\ext" />
    <property name="user.dir" value="C:\Users\Edwin Avalos\Desktop\spring 2015\CST316\asthma-game\asthma" />
    <property name="line.separator" value="&#xd;&#xa;" />
    <property name="java.vm.name" value="Java HotSpot(TM) Client VM" />
    <property name="basedir" value="C:\Users\Edwin Avalos\Desktop\spring 2015\CST316\asthma-game\asthma" />
    <property name="ant.java.version" value="1.8" />
    <property name="ant.core.lib" value="C:\Users\Edwin Avalos\Desktop\eclipse\plugins\org.apache.ant_1.9.2.v201404171502\lib\ant.jar" />
    <property name="file.encoding" value="Cp1252" />
    <property name="java.specification.version" value="1.8" />
    <property name="ant.project.invoked-targets" value="clean,compile,run,jar,findbugs,pmd,junit" />
  </properties>
  <testcase classname="com.groupc.junit.DatabaseTest" name="testget_doctor" time="2.478">
    <failure type="junit.framework.AssertionFailedError">junit.framework.AssertionFailedError
	at com.groupc.junit.DatabaseTest.testget_doctor(Unknown Source)
</failure>
  </testcase>
  <system-out><![CDATA[Connecting to database...
]]></system-out>
  <system-err><![CDATA[com.mysql.jdbc.exceptions.jdbc4.CommunicationsException: Communications link failure

The last packet sent successfully to the server was 0 milliseconds ago. The driver has not received any packets from the server.
	at sun.reflect.NativeConstructorAccessorImpl.newInstance0(Native Method)
	at sun.reflect.NativeConstructorAccessorImpl.newInstance(NativeConstructorAccessorImpl.java:62)
	at sun.reflect.DelegatingConstructorAccessorImpl.newInstance(DelegatingConstructorAccessorImpl.java:45)
	at java.lang.reflect.Constructor.newInstance(Constructor.java:408)
	at com.mysql.jdbc.Util.handleNewInstance(Util.java:377)
	at com.mysql.jdbc.SQLError.createCommunicationsException(SQLError.java:1036)
	at com.mysql.jdbc.MysqlIO.<init>(MysqlIO.java:338)
	at com.mysql.jdbc.ConnectionImpl.coreConnect(ConnectionImpl.java:2232)
	at com.mysql.jdbc.ConnectionImpl.connectOneTryOnly(ConnectionImpl.java:2265)
	at com.mysql.jdbc.ConnectionImpl.createNewIO(ConnectionImpl.java:2064)
	at com.mysql.jdbc.ConnectionImpl.<init>(ConnectionImpl.java:790)
	at com.mysql.jdbc.JDBC4Connection.<init>(JDBC4Connection.java:44)
	at sun.reflect.NativeConstructorAccessorImpl.newInstance0(Native Method)
	at sun.reflect.NativeConstructorAccessorImpl.newInstance(NativeConstructorAccessorImpl.java:62)
	at sun.reflect.DelegatingConstructorAccessorImpl.newInstance(DelegatingConstructorAccessorImpl.java:45)
	at java.lang.reflect.Constructor.newInstance(Constructor.java:408)
	at com.mysql.jdbc.Util.handleNewInstance(Util.java:377)
	at com.mysql.jdbc.ConnectionImpl.getInstance(ConnectionImpl.java:395)
	at com.mysql.jdbc.NonRegisteringDriver.connect(NonRegisteringDriver.java:325)
	at java.sql.DriverManager.getConnection(DriverManager.java:664)
	at java.sql.DriverManager.getConnection(DriverManager.java:247)
	at com.groupc.Database.getDoctor(Unknown Source)
	at com.groupc.junit.DatabaseTest.testget_doctor(Unknown Source)
	at sun.reflect.NativeMethodAccessorImpl.invoke0(Native Method)
	at sun.reflect.NativeMethodAccessorImpl.invoke(NativeMethodAccessorImpl.java:62)
	at sun.reflect.DelegatingMethodAccessorImpl.invoke(DelegatingMethodAccessorImpl.java:43)
	at java.lang.reflect.Method.invoke(Method.java:483)
	at org.junit.runners.model.FrameworkMethod$1.runReflectiveCall(FrameworkMethod.java:47)
	at org.junit.internal.runners.model.ReflectiveCallable.run(ReflectiveCallable.java:12)
	at org.junit.runners.model.FrameworkMethod.invokeExplosively(FrameworkMethod.java:44)
	at org.junit.internal.runners.statements.InvokeMethod.evaluate(InvokeMethod.java:17)
	at org.junit.internal.runners.statements.RunBefores.evaluate(RunBefores.java:26)
	at org.junit.internal.runners.statements.RunAfters.evaluate(RunAfters.java:27)
	at org.junit.runners.ParentRunner.runLeaf(ParentRunner.java:271)
	at org.junit.runners.BlockJUnit4ClassRunner.runChild(BlockJUnit4ClassRunner.java:70)
	at org.junit.runners.BlockJUnit4ClassRunner.runChild(BlockJUnit4ClassRunner.java:50)
	at org.junit.runners.ParentRunner$3.run(ParentRunner.java:238)
	at org.junit.runners.ParentRunner$1.schedule(ParentRunner.java:63)
	at org.junit.runners.ParentRunner.runChildren(ParentRunner.java:236)
	at org.junit.runners.ParentRunner.access$000(ParentRunner.java:53)
	at org.junit.runners.ParentRunner$2.evaluate(ParentRunner.java:229)
	at org.junit.runners.ParentRunner.run(ParentRunner.java:309)
	at junit.framework.JUnit4TestAdapter.run(JUnit4TestAdapter.java:38)
	at org.apache.tools.ant.taskdefs.optional.junit.JUnitTestRunner.run(JUnitTestRunner.java:523)
	at org.apache.tools.ant.taskdefs.optional.junit.JUnitTestRunner.launch(JUnitTestRunner.java:1063)
	at org.apache.tools.ant.taskdefs.optional.junit.JUnitTestRunner.main(JUnitTestRunner.java:887)
Caused by: java.net.ConnectException: Connection refused: connect
	at java.net.DualStackPlainSocketImpl.connect0(Native Method)
	at java.net.DualStackPlainSocketImpl.socketConnect(DualStackPlainSocketImpl.java:79)
	at java.net.AbstractPlainSocketImpl.doConnect(AbstractPlainSocketImpl.java:345)
	at java.net.AbstractPlainSocketImpl.connectToAddress(AbstractPlainSocketImpl.java:206)
	at java.net.AbstractPlainSocketImpl.connect(AbstractPlainSocketImpl.java:188)
	at java.net.PlainSocketImpl.connect(PlainSocketImpl.java:172)
	at java.net.SocksSocketImpl.connect(SocksSocketImpl.java:392)
	at java.net.Socket.connect(Socket.java:589)
	at com.mysql.jdbc.StandardSocketFactory.connect(StandardSocketFactory.java:213)
	at com.mysql.jdbc.MysqlIO.<init>(MysqlIO.java:297)
	... 39 more
]]></system-err>
</testsuite>
