<?xml version="1.0" encoding="UTF-8" ?>
<testsuite errors="2" failures="0" hostname="EdwinAvalos-PC" name="com.groupc.junit.ResizeTest" skipped="0" tests="2" time="0.249" timestamp="2015-03-22T05:54:20">
  <properties>
    <property name="java.vendor" value="Oracle Corporation" />
    <property name="osgi.bundles.defaultStartLevel" value="4" />
    <property name="org.eclipse.debug.ui.breakpoints.toggleFactoriesUsed" value="false" />
    <property name="sun.java.launcher" value="SUN_STANDARD" />
    <property name="org.osgi.supports.framework.extension" value="true" />
    <property name="sun.management.compiler" value="HotSpot Client Compiler" />
    <property name="eclipse.p2.profile" value="epp.package.java" />
    <property name="lib" value="lib" />
    <property name="build.sysclasspath" value="last" />
    <property name="os.name" value="Windows 7" />
    <property name="sun.boot.class.path" value="C:\Program Files (x86)\Java\jdk1.8.0_31\jre\lib\resources.jar;C:\Program Files (x86)\Java\jdk1.8.0_31\jre\lib\rt.jar;C:\Program Files (x86)\Java\jdk1.8.0_31\jre\lib\sunrsasign.jar;C:\Program Files (x86)\Java\jdk1.8.0_31\jre\lib\jsse.jar;C:\Program Files (x86)\Java\jdk1.8.0_31\jre\lib\jce.jar;C:\Program Files (x86)\Java\jdk1.8.0_31\jre\lib\charsets.jar;C:\Program Files (x86)\Java\jdk1.8.0_31\jre\lib\jfr.jar;C:\Program Files (x86)\Java\jdk1.8.0_31\jre\classes" />
    <property name="findbugs.home" value="/C:/Users/Edwin Avalos/Desktop/eclipse/plugins/edu.umd.cs.findbugs.plugin.eclipse_3.0.1.20150306-5afe4d1/" />
    <property name="eclipse.running" value="true" />
    <property name="osgi.ws" value="win32" />
    <property name="sun.desktop" value="windows" />
    <property name="java.vm.specification.vendor" value="Oracle Corporation" />
    <property name="ant.home" value="C:\Users\Edwin Avalos\Desktop\eclipse\plugins\org.apache.ant_1.9.2.v201404171502" />
    <property name="java.runtime.version" value="1.8.0_31-b13" />
    <property name="osgi.instance.area" value="file:/C:/Users/Edwin Avalos/workspace/" />
    <property name="org.osgi.framework.uuid" value="607773b5-4dd0-0014-1b32-a8d942ac13bb" />
    <property name="org.eclipse.m2e.log.dir" value="C:\Users\Edwin Avalos\workspace\.metadata\.plugins\org.eclipse.m2e.logback.configuration" />
    <property name="user.name" value="Edwin Avalos" />
    <property name="osgi.framework.extensions" value="reference:file:org.eclipse.osgi.compatibility.state_1.0.1.v20140709-1414.jar" />
    <property name="org.osgi.framework.system.packages" value="javax.accessibility,javax.activation,javax.activity,javax.annotation,javax.annotation.processing,javax.crypto,javax.crypto.interfaces,javax.crypto.spec,javax.imageio,javax.imageio.event,javax.imageio.metadata,javax.imageio.plugins.bmp,javax.imageio.plugins.jpeg,javax.imageio.spi,javax.imageio.stream,javax.jws,javax.jws.soap,javax.lang.model,javax.lang.model.element,javax.lang.model.type,javax.lang.model.util,javax.management,javax.management.loading,javax.management.modelmbean,javax.management.monitor,javax.management.openmbean,javax.management.relation,javax.management.remote,javax.management.remote.rmi,javax.management.timer,javax.naming,javax.naming.directory,javax.naming.event,javax.naming.ldap,javax.naming.spi,javax.net,javax.net.ssl,javax.print,javax.print.attribute,javax.print.attribute.standard,javax.print.event,javax.rmi,javax.rmi.CORBA,javax.rmi.ssl,javax.script,javax.security.auth,javax.security.auth.callback,javax.security.auth.kerberos,javax.security.auth.login,javax.security.auth.spi,javax.security.auth.x500,javax.security.cert,javax.security.sasl,javax.sound.midi,javax.sound.midi.spi,javax.sound.sampled,javax.sound.sampled.spi,javax.sql,javax.sql.rowset,javax.sql.rowset.serial,javax.sql.rowset.spi,javax.swing,javax.swing.border,javax.swing.colorchooser,javax.swing.event,javax.swing.filechooser,javax.swing.plaf,javax.swing.plaf.basic,javax.swing.plaf.metal,javax.swing.plaf.multi,javax.swing.plaf.nimbus,javax.swing.plaf.synth,javax.swing.table,javax.swing.text,javax.swing.text.html,javax.swing.text.html.parser,javax.swing.text.rtf,javax.swing.tree,javax.swing.undo,javax.tools,javax.transaction,javax.transaction.xa,javax.xml,javax.xml.bind,javax.xml.bind.annotation,javax.xml.bind.annotation.adapters,javax.xml.bind.attachment,javax.xml.bind.helpers,javax.xml.bind.util,javax.xml.crypto,javax.xml.crypto.dom,javax.xml.crypto.dsig,javax.xml.crypto.dsig.dom,javax.xml.crypto.dsig.keyinfo,javax.xml.crypto.dsig.spec,javax.xml.datatype,javax.xml.namespace,javax.xml.parsers,javax.xml.soap,javax.xml.stream,javax.xml.stream.events,javax.xml.stream.util,javax.xml.transform,javax.xml.transform.dom,javax.xml.transform.sax,javax.xml.transform.stax,javax.xml.transform.stream,javax.xml.validation,javax.xml.ws,javax.xml.ws.handler,javax.xml.ws.handler.soap,javax.xml.ws.http,javax.xml.ws.soap,javax.xml.ws.spi,javax.xml.ws.spi.http,javax.xml.ws.wsaddressing,javax.xml.xpath,org.ietf.jgss,org.omg.CORBA,org.omg.CORBA_2_3,org.omg.CORBA_2_3.portable,org.omg.CORBA.DynAnyPackage,org.omg.CORBA.ORBPackage,org.omg.CORBA.portable,org.omg.CORBA.TypeCodePackage,org.omg.CosNaming,org.omg.CosNaming.NamingContextExtPackage,org.omg.CosNaming.NamingContextPackage,org.omg.Dynamic,org.omg.DynamicAny,org.omg.DynamicAny.DynAnyFactoryPackage,org.omg.DynamicAny.DynAnyPackage,org.omg.IOP,org.omg.IOP.CodecFactoryPackage,org.omg.IOP.CodecPackage,org.omg.Messaging,org.omg.PortableInterceptor,org.omg.PortableInterceptor.ORBInitInfoPackage,org.omg.PortableServer,org.omg.PortableServer.CurrentPackage,org.omg.PortableServer.POAManagerPackage,org.omg.PortableServer.POAPackage,org.omg.PortableServer.portable,org.omg.PortableServer.ServantLocatorPackage,org.omg.SendingContext,org.omg.stub.java.rmi,org.w3c.dom,org.w3c.dom.bootstrap,org.w3c.dom.css,org.w3c.dom.events,org.w3c.dom.html,org.w3c.dom.ls,org.w3c.dom.ranges,org.w3c.dom.stylesheets,org.w3c.dom.traversal,org.w3c.dom.views,org.w3c.dom.xpath,org.xml.sax,org.xml.sax.ext,org.xml.sax.helpers" />
    <property name="lwjgl_natives.dir" value="natives/windows" />
    <property name="eclipse.launcher" value="C:\Users\Edwin Avalos\Desktop\eclipse\eclipse.exe" />
    <property name="eclipse.launcher.name" value="Eclipse" />
    <property name="osgi.frameworkClassPath" value="., file:c:/Users/Edwin Avalos/Desktop/eclipse/plugins/org.eclipse.osgi.compatibility.state_1.0.1.v20140709-1414.jar" />
    <property name="equinox.use.ds" value="true" />
    <property name="ant.file.asthma-game" value="C:\Users\Edwin Avalos\Desktop\spring 2015\CST316\asthma-game\asthma\build.xml" />
    <property name="org.osgi.framework.language" value="en" />
    <property name="user.language" value="en" />
    <property name="build" value="bin" />
    <property name="org.osgi.framework.processor" value="x86" />
    <property name="osgi.syspath" value="c:\Users\Edwin Avalos\Desktop\eclipse\plugins" />
    <property name="sun.boot.library.path" value="C:\Program Files (x86)\Java\jdk1.8.0_31\jre\bin" />
    <property name="org.osgi.framework.system.capabilities" value="osgi.ee; osgi.ee=&quot;OSGi/Minimum&quot;; version:List&lt;Version&gt;=&quot;1.0, 1.1, 1.2&quot;,osgi.ee; osgi.ee=&quot;JRE&quot;; version:List&lt;Version&gt;=&quot;1.0, 1.1&quot;,osgi.ee; osgi.ee=&quot;JavaSE&quot;; version:List&lt;Version&gt;=&quot;1.0, 1.1, 1.2, 1.3, 1.4, 1.5, 1.6, 1.7, 1.8&quot;,osgi.ee; osgi.ee=&quot;JavaSE/compact1&quot;; version:List&lt;Version&gt;=&quot;1.8&quot;,osgi.ee; osgi.ee=&quot;JavaSE/compact2&quot;; version:List&lt;Version&gt;=&quot;1.8&quot;,osgi.ee; osgi.ee=&quot;JavaSE/compact3&quot;; version:List&lt;Version&gt;=&quot;1.8&quot;" />
    <property name="osgi.compatibility.bootdelegation" value="true" />
    <property name="ant.project.name" value="asthma-game" />
    <property name="java.version" value="1.8.0_31" />
    <property name="org.osgi.framework.os.name" value="Windows7" />
    <property name="user.timezone" value="America/Phoenix" />
    <property name="sun.arch.data.model" value="32" />
    <property name="osgi.bundles" value="reference:file:org.eclipse.osgi.compatibility.state_1.0.1.v20140709-1414.jar,reference:file:org.eclipse.equinox.simpleconfigurator_1.1.0.v20131217-1203.jar@1:start" />
    <property name="java.endorsed.dirs" value="C:\Program Files (x86)\Java\jdk1.8.0_31\jre\lib\endorsed" />
    <property name="osgi.tracefile" value="C:\Users\Edwin Avalos\workspace\.metadata\trace.log" />
    <property name="sun.cpu.isalist" value="pentium_pro+mmx pentium_pro pentium+mmx pentium i486 i386 i86" />
    <property name="ant.file.type.asthma-game" value="file" />
    <property name="sun.jnu.encoding" value="Cp1252" />
    <property name="eclipse.application" value="org.eclipse.ui.ide.workbench" />
    <property name="file.encoding.pkg" value="sun.io" />
    <property name="org.osgi.framework.vendor" value="Eclipse" />
    <property name="file.separator" value="\" />
    <property name="java.specification.name" value="Java Platform API Specification" />
    <property name="java.class.version" value="52.0" />
    <property name="src" value="src" />
    <property name="user.country" value="US" />
    <property name="org.eclipse.equinox.launcher.splash.location" value="C:\Users\Edwin Avalos\Desktop\eclipse\\plugins\org.eclipse.platform_4.4.2.v20150204-1700\splash.bmp" />
    <property name="java.home" value="C:\Program Files (x86)\Java\jdk1.8.0_31\jre" />
    <property name="osgi.os" value="win32" />
    <property name="eclipse.commands" value="-os&#xa;win32&#xa;-ws&#xa;win32&#xa;-arch&#xa;x86&#xa;-showsplash&#xa;C:\Users\Edwin Avalos\Desktop\eclipse\\plugins\org.eclipse.platform_4.4.2.v20150204-1700\splash.bmp&#xa;-launcher&#xa;C:\Users\Edwin Avalos\Desktop\eclipse\eclipse.exe&#xa;-name&#xa;Eclipse&#xa;--launcher.library&#xa;C:\Users\Edwin Avalos\Desktop\eclipse\\plugins/org.eclipse.equinox.launcher.win32.win32.x86_1.1.200.v20150204-1316\eclipse_1608.dll&#xa;-startup&#xa;C:\Users\Edwin Avalos\Desktop\eclipse\\plugins/org.eclipse.equinox.launcher_1.3.0.v20140415-2008.jar&#xa;--launcher.appendVmargs&#xa;-product&#xa;org.eclipse.epp.package.java.product&#xa;-vm&#xa;C:\Program Files (x86)\Java\jdk1.8.0_31\bin\..\jre\bin\client\jvm.dll&#xa;" />
    <property name="java.vm.info" value="mixed mode" />
    <property name="osgi.splashLocation" value="C:\Users\Edwin Avalos\Desktop\eclipse\\plugins\org.eclipse.platform_4.4.2.v20150204-1700\splash.bmp" />
    <property name="ant.file" value="C:\Users\Edwin Avalos\Desktop\spring 2015\CST316\asthma-game\asthma\build.xml" />
    <property name="os.version" value="6.1" />
    <property name="osgi.arch" value="x86" />
    <property name="path.separator" value=";" />
    <property name="eclipse.home" value="C:\Users\Edwin Avalos\Desktop\eclipse" />
    <property name="java.vm.version" value="25.31-b07" />
    <property name="org.osgi.supports.framework.fragment" value="true" />
    <property name="user.variant" value="" />
    <property name="ant.library.dir" value="C:\Users\Edwin Avalos\Desktop\eclipse\plugins\org.apache.ant_1.9.2.v201404171502\lib" />
    <property name="osgi.framework.shape" value="jar" />
    <property name="java.awt.printerjob" value="sun.awt.windows.WPrinterJob" />
    <property name="osgi.instance.area.default" value="file:/C:/Users/Edwin Avalos/workspace/" />
    <property name="sun.io.unicode.encoding" value="UnicodeLittle" />
    <property name="org.osgi.framework.version" value="1.8.0" />
    <property name="awt.toolkit" value="sun.awt.windows.WToolkit" />
    <property name="_jacoco.agentFile" value="C:\Users\EDWINA~1\AppData\Local\Temp\jacocoagent2117914955336480439.jar" />
    <property name="user.script" value="" />
    <property name="jac-r" value="jacoco-report" />
    <property name="eclipse.stateSaveDelayInterval" value="30000" />
    <property name="osgi.install.area" value="file:/C:/Users/Edwin Avalos/Desktop/eclipse/" />
    <property name="osgi.framework" value="file:/c:/Users/Edwin Avalos/Desktop/eclipse/plugins/org.eclipse.osgi_3.10.2.v20150203-1939.jar" />
    <property name="user.home" value="C:\Users\Edwin Avalos" />
    <property name="org.eclipse.equinox.simpleconfigurator.configUrl" value="file:org.eclipse.equinox.simpleconfigurator/bundles.info" />
    <property name="osgi.framework.useSystemProperties" value="true" />
    <property name="osgi.splashPath" value="platform:/base/plugins/org.eclipse.platform" />
    <property name="osgi.nl" value="en_US" />
    <property name="java.specification.vendor" value="Oracle Corporation" />
    <property name="java.vendor.url" value="http://java.oracle.com/" />
    <property name="java.library.path" value="natives/windows" />
    <property name="eclipse.startTime" value="1426999289283" />
    <property name="eclipse.p2.data.area" value="@config.dir/../p2/" />
    <property name="org.osgi.framework.os.version" value="6.1.0" />
    <property name="java.vm.vendor" value="Oracle Corporation" />
    <property name="java.runtime.name" value="Java(TM) SE Runtime Environment" />
    <property name="sun.java.command" value="org.apache.tools.ant.taskdefs.optional.junit.JUnitTestRunner com.groupc.junit.ResizeTest filtertrace=true haltOnError=false haltOnFailure=false formatter=org.apache.tools.ant.taskdefs.optional.junit.OutErrSummaryJUnitResultFormatter showoutput=false outputtoformatters=true logfailedtests=true logtestlistenerevents=false formatter=org.apache.tools.ant.taskdefs.optional.junit.XMLJUnitResultFormatter,C:\Users\Edwin Avalos\Desktop\spring 2015\CST316\asthma-game\asthma\junit-report\TEST-com.groupc.junit.ResizeTest.xml crashfile=C:\Users\Edwin Avalos\Desktop\spring 2015\CST316\asthma-game\asthma\junitvmwatcher2708263821070265939.properties propsfile=C:\Users\Edwin Avalos\Desktop\spring 2015\CST316\asthma-game\asthma\junit3018527764198415190.properties" />
    <property name="ant.version" value="Apache Ant(TM) version 1.9.2 compiled on July 8 2013" />
    <property name="java.class.path" value="C:\Users\Edwin Avalos\Desktop\spring 2015\CST316\asthma-game\asthma\lib\lwjgl.jar;C:\Users\Edwin Avalos\Desktop\spring 2015\CST316\asthma-game\asthma\lib\lwjgl_util.jar;C:\Users\Edwin Avalos\Desktop\spring 2015\CST316\asthma-game\asthma\lib\jogg-0.0.7.jar;C:\Users\Edwin Avalos\Desktop\spring 2015\CST316\asthma-game\asthma\lib\jorbis-0.0.15.jar;C:\Users\Edwin Avalos\Desktop\spring 2015\CST316\asthma-game\asthma\lib\slick-util.jar;C:\Users\Edwin Avalos\Desktop\spring 2015\CST316\asthma-game\asthma\lib\jacocoant.jar;C:\Users\Edwin Avalos\Desktop\spring 2015\CST316\asthma-game\asthma\lib\junit.jar;C:\Users\Edwin Avalos\Desktop\spring 2015\CST316\asthma-game\asthma\lib\org.hamcrest.core_1.3.0.v201303031735.jar;C:\Users\Edwin Avalos\Desktop\spring 2015\CST316\asthma-game\asthma\bin;C:\Users\Edwin Avalos\Desktop\spring 2015\CST316\asthma-game\asthma;C:\PROGRA~2\JMF21~1.1E\lib\sound.jar;C:\PROGRA~2\JMF21~1.1E\lib\jmf.jar;C:\PROGRA~2\JMF21~1.1E\lib;C:\Users\Edwin Avalos\Desktop\eclipse\plugins\org.apache.ant_1.9.2.v201404171502\lib\ant-launcher.jar;C:\Users\Edwin Avalos\Desktop\eclipse\plugins\org.apache.ant_1.9.2.v201404171502\lib\ant.jar;C:\Users\Edwin Avalos\Desktop\eclipse\plugins\org.apache.ant_1.9.2.v201404171502\lib\ant-junit.jar;C:\Users\Edwin Avalos\Desktop\eclipse\plugins\org.apache.ant_1.9.2.v201404171502\lib\ant-junit4.jar;C:\Users\Edwin Avalos\Desktop\eclipse\plugins\org.apache.ant_1.9.2.v201404171502\lib\ant-antlr.jar;C:\Users\Edwin Avalos\Desktop\eclipse\plugins\org.apache.ant_1.9.2.v201404171502\lib\ant-apache-bcel.jar;C:\Users\Edwin Avalos\Desktop\eclipse\plugins\org.apache.ant_1.9.2.v201404171502\lib\ant-apache-bsf.jar;C:\Users\Edwin Avalos\Desktop\eclipse\plugins\org.apache.ant_1.9.2.v201404171502\lib\ant-apache-log4j.jar;C:\Users\Edwin Avalos\Desktop\eclipse\plugins\org.apache.ant_1.9.2.v201404171502\lib\ant-apache-oro.jar;C:\Users\Edwin Avalos\Desktop\eclipse\plugins\org.apache.ant_1.9.2.v201404171502\lib\ant-apache-regexp.jar;C:\Users\Edwin Avalos\Desktop\eclipse\plugins\org.apache.ant_1.9.2.v201404171502\lib\ant-apache-resolver.jar;C:\Users\Edwin Avalos\Desktop\eclipse\plugins\org.apache.ant_1.9.2.v201404171502\lib\ant-apache-xalan2.jar;C:\Users\Edwin Avalos\Desktop\eclipse\plugins\org.apache.ant_1.9.2.v201404171502\lib\ant-commons-logging.jar;C:\Users\Edwin Avalos\Desktop\eclipse\plugins\org.apache.ant_1.9.2.v201404171502\lib\ant-commons-net.jar;C:\Users\Edwin Avalos\Desktop\eclipse\plugins\org.apache.ant_1.9.2.v201404171502\lib\ant-jai.jar;C:\Users\Edwin Avalos\Desktop\eclipse\plugins\org.apache.ant_1.9.2.v201404171502\lib\ant-javamail.jar;C:\Users\Edwin Avalos\Desktop\eclipse\plugins\org.apache.ant_1.9.2.v201404171502\lib\ant-jdepend.jar;C:\Users\Edwin Avalos\Desktop\eclipse\plugins\org.apache.ant_1.9.2.v201404171502\lib\ant-jmf.jar;C:\Users\Edwin Avalos\Desktop\eclipse\plugins\org.apache.ant_1.9.2.v201404171502\lib\ant-jsch.jar;C:\Users\Edwin Avalos\Desktop\eclipse\plugins\org.apache.ant_1.9.2.v201404171502\lib\ant-netrexx.jar;C:\Users\Edwin Avalos\Desktop\eclipse\plugins\org.apache.ant_1.9.2.v201404171502\lib\ant-swing.jar;C:\Users\Edwin Avalos\Desktop\eclipse\plugins\org.apache.ant_1.9.2.v201404171502\lib\ant-testutil.jar;C:\Program Files (x86)\Java\jdk1.8.0_31\lib\tools.jar;C:\Users\Edwin Avalos\Desktop\eclipse\configuration\org.eclipse.osgi\77\0\.cp\ant_tasks\resources-ant.jar;C:\Users\Edwin Avalos\Desktop\eclipse\configuration\org.eclipse.osgi\151\0\.cp\ant_tasks\director-ant.jar;C:\Users\Edwin Avalos\Desktop\eclipse\configuration\org.eclipse.osgi\158\0\.cp\lib\jarprocessor-ant.jar;C:\Users\Edwin Avalos\Desktop\eclipse\configuration\org.eclipse.osgi\160\0\.cp\ant_tasks\metadataRepository-ant.jar;C:\Users\Edwin Avalos\Desktop\eclipse\configuration\org.eclipse.osgi\163\0\.cp\ant_tasks\pdepublishing-ant.jar;C:\Users\Edwin Avalos\Desktop\eclipse\configuration\org.eclipse.osgi\167\0\.cp\lib\repository-tools-ant.jar;C:\Users\Edwin Avalos\Desktop\eclipse\configuration\org.eclipse.osgi\187\0\.cp\ant_tasks\helpbase-ant.jar;C:\Users\Edwin Avalos\Desktop\eclipse\configuration\org.eclipse.osgi\198\0\.cp\jdtCompilerAdapter.jar;C:\Users\Edwin Avalos\Desktop\eclipse\configuration\org.eclipse.osgi\56\0\.cp\lib\antsupportlib.jar;C:\Users\Edwin Avalos\Desktop\eclipse\configuration\org.eclipse.osgi\57\0\.cp\lib\loggers.jar;C:\Users\Edwin Avalos\Desktop\eclipse\configuration\org.eclipse.osgi\57\0\.cp\lib\antdebug.jar;C:\Users\Edwin Avalos\Desktop\eclipse\configuration\org.eclipse.osgi\57\0\.cp\lib\remote.jar;C:\Users\Edwin Avalos\Desktop\eclipse\configuration\org.eclipse.osgi\58\0\.cp\lib\antrunner.jar;C:\Users\Edwin Avalos\Desktop\eclipse\configuration\org.eclipse.osgi\58\0\.cp\lib\remoteAnt.jar;C:\Users\EDWINA~1\AppData\Local\Temp\jacocoagent2117914955336480439.jar" />
    <property name="osgi.requiredJavaVersion" value="1.6" />
    <property name="org.eclipse.update.reconcile" value="false" />
    <property name="eclipse.vm" value="C:\Program Files (x86)\Java\jdk1.8.0_31\bin\..\jre\bin\client\jvm.dll" />
    <property name="java.vm.specification.name" value="Java Virtual Machine Specification" />
    <property name="java.vm.specification.version" value="1.8" />
    <property name="jun-r" value="junit-report" />
    <property name="sun.cpu.endian" value="little" />
    <property name="sun.os.patch.level" value="Service Pack 1" />
    <property name="gosh.args" value="--nointeractive" />
    <property name="java.io.tmpdir" value="C:\Users\EDWINA~1\AppData\Local\Temp\" />
    <property name="applicationXMI" value="org.eclipse.ui.workbench/LegacyIDE.e4xmi" />
    <property name="java.vendor.url.bug" value="http://bugreport.sun.com/bugreport/" />
    <property name="eclipse.product" value="org.eclipse.epp.package.java.product" />
    <property name="findbugs.cloud.default" value="edu.umd.cs.findbugs.cloud.doNothingCloud" />
    <property name="eclipse.home.location" value="file:/C:/Users/Edwin Avalos/Desktop/eclipse/" />
    <property name="java.awt.graphicsenv" value="sun.awt.Win32GraphicsEnvironment" />
    <property name="os.arch" value="x86" />
    <property name="java.ext.dirs" value="C:\Program Files (x86)\Java\jdk1.8.0_31\jre\lib\ext;C:\Windows\Sun\Java\lib\ext" />
    <property name="user.dir" value="C:\Users\Edwin Avalos\Desktop\eclipse" />
    <property name="org.osgi.supports.framework.requirebundle" value="true" />
    <property name="line.separator" value="&#xd;&#xa;" />
    <property name="java.vm.name" value="Java HotSpot(TM) Client VM" />
    <property name="org.apache.commons.logging.Log" value="org.apache.commons.logging.impl.NoOpLog" />
    <property name="basedir" value="C:\Users\Edwin Avalos\Desktop\spring 2015\CST316\asthma-game\asthma" />
    <property name="ant.java.version" value="1.8" />
    <property name="ant.core.lib" value="C:\Users\Edwin Avalos\Desktop\eclipse\plugins\org.apache.ant_1.9.2.v201404171502\lib\ant.jar" />
    <property name="file.encoding" value="Cp1252" />
    <property name="eclipse.buildId" value="4.4.2.M20150204-1700" />
    <property name="eclipse.vmargs" value="-Dosgi.requiredJavaVersion=1.6&#xa;-Xms40m&#xa;-Xmx512m&#xa;-Djava.class.path=C:\Users\Edwin Avalos\Desktop\eclipse\\plugins/org.eclipse.equinox.launcher_1.3.0.v20140415-2008.jar&#xa;" />
    <property name="java.specification.version" value="1.8" />
    <property name="org.osgi.framework.executionenvironment" value="OSGi/Minimum-1.0,OSGi/Minimum-1.1,OSGi/Minimum-1.2,JavaSE/compact1-1.8,JavaSE/compact2-1.8,JavaSE/compact3-1.8,JRE-1.1,J2SE-1.2,J2SE-1.3,J2SE-1.4,J2SE-1.5,JavaSE-1.6,JavaSE-1.7,JavaSE-1.8" />
    <property name="ant.project.invoked-targets" value="clean,compile,run,jar,junit" />
    <property name="osgi.logfile" value="C:\Users\Edwin Avalos\workspace\.metadata\.log" />
    <property name="osgi.configuration.area" value="file:/C:/Users/Edwin Avalos/Desktop/eclipse/configuration/" />
  </properties>
  <testcase classname="com.groupc.junit.ResizeTest" name="locationTest" time="0.015">
    <error message="no lwjgl in java.library.path" type="java.lang.UnsatisfiedLinkError">java.lang.UnsatisfiedLinkError: no lwjgl in java.library.path
	at java.lang.ClassLoader.loadLibrary(ClassLoader.java:1865)
	at java.lang.Runtime.loadLibrary0(Runtime.java:870)
	at java.lang.System.loadLibrary(System.java:1119)
	at org.lwjgl.Sys$1.run(Sys.java:73)
	at java.security.AccessController.doPrivileged(Native Method)
	at org.lwjgl.Sys.doLoadLibrary(Sys.java:66)
	at org.lwjgl.Sys.loadLibrary(Sys.java:95)
	at org.lwjgl.Sys.&lt;clinit&gt;(Sys.java:112)
	at org.lwjgl.opengl.Display.&lt;clinit&gt;(Display.java:135)
	at com.groupc.screens.Game1Screen.&lt;init&gt;(Unknown Source)
	at com.groupc.Runner.&lt;init&gt;(Unknown Source)
	at com.groupc.junit.ResizeTest.&lt;init&gt;(Unknown Source)
	at java.lang.reflect.Constructor.newInstance(Constructor.java:408)
</error>
  </testcase>
  <testcase classname="com.groupc.junit.ResizeTest" name="widthHeightTest" time="0.0">
    <error message="Could not initialize class org.lwjgl.opengl.Display" type="java.lang.NoClassDefFoundError">java.lang.NoClassDefFoundError: Could not initialize class org.lwjgl.opengl.Display
	at com.groupc.screens.Game1Screen.&lt;init&gt;(Unknown Source)
	at com.groupc.Runner.&lt;init&gt;(Unknown Source)
	at com.groupc.junit.ResizeTest.&lt;init&gt;(Unknown Source)
	at java.lang.reflect.Constructor.newInstance(Constructor.java:408)
</error>
  </testcase>
  <system-out><![CDATA[]]></system-out>
  <system-err><![CDATA[]]></system-err>
</testsuite>
